#
# There is insufficient memory for the Java Runtime Environment to continue.
# Native memory allocation (mmap) failed to map 2097152 bytes for G1 virtual space
# Possible reasons:
#   The system is out of physical RAM or swap space
#   The process is running with CompressedOops enabled, and the Java Heap may be blocking the growth of the native heap
# Possible solutions:
#   Reduce memory load on the system
#   Increase physical memory or swap space
#   Check if swap backing store is full
#   Decrease Java heap size (-Xmx/-Xms)
#   Decrease number of Java threads
#   Decrease Java thread stack sizes (-Xss)
#   Set larger code cache with -XX:ReservedCodeCacheSize=
#   JVM is running with Unscaled Compressed Oops mode in which the Java heap is
#     placed in the first 4GB address space. The Java Heap base address is the
#     maximum limit for the native heap growth. Please use -XX:HeapBaseMinAddress
#     to set the Java Heap base and to place the Java Heap above 4GB virtual address.
# This output file may be truncated or incomplete.
#
#  Out of Memory Error (os_windows.cpp:3548), pid=19996, tid=23864
#
# JRE version: Java(TM) SE Runtime Environment (17.0.11+7) (build 17.0.11+7-LTS-207)
# Java VM: Java HotSpot(TM) 64-Bit Server VM (17.0.11+7-LTS-207, mixed mode, sharing, tiered, compressed oops, compressed class ptrs, g1 gc, windows-amd64)
# No core dump will be written. Minidumps are not enabled by default on client versions of Windows
#

---------------  S U M M A R Y ------------

Command Line: --add-opens=java.base/java.util=ALL-UNNAMED --add-opens=java.base/java.lang=ALL-UNNAMED --add-opens=java.base/java.lang.invoke=ALL-UNNAMED --add-opens=java.prefs/java.util.prefs=ALL-UNNAMED --add-opens=java.base/java.nio.charset=ALL-UNNAMED --add-opens=java.base/java.net=ALL-UNNAMED --add-opens=java.base/java.util.concurrent.atomic=ALL-UNNAMED -Xmx2048m -Dfile.encoding=UTF-8 -Duser.country=IN -Duser.language=en -Duser.variant -javaagent:C:\Users\chpre\.gradle\wrapper\dists\gradle-8.4-bin\1w5dpkrfk8irigvoxmyhowfim\gradle-8.4\lib\agents\gradle-instrumentation-agent-8.4.jar org.gradle.launcher.daemon.bootstrap.GradleDaemon 8.4

Host: AMD Ryzen 5 7535U with Radeon Graphics         , 12 cores, 5G,  Windows 11 , 64 bit Build 26100 (10.0.26100.3037)
Time: Thu Mar  6 12:23:09 2025 India Standard Time elapsed time: 19.203985 seconds (0d 0h 0m 19s)

---------------  T H R E A D  ---------------

Current thread (0x00000216bd76bc30):  VMThread "VM Thread" [stack: 0x00000040eee00000,0x00000040eef00000] [id=23864]

Stack: [0x00000040eee00000,0x00000040eef00000]
Native frames: (J=compiled Java code, j=interpreted, Vv=VM code, C=native code)
V  [jvm.dll+0x679cca]
V  [jvm.dll+0x7da13d]
V  [jvm.dll+0x7dba83]
V  [jvm.dll+0x7dc0f3]
V  [jvm.dll+0x2449af]
V  [jvm.dll+0x676ce9]
V  [jvm.dll+0x66b852]
V  [jvm.dll+0x3018d6]
V  [jvm.dll+0x308e76]
V  [jvm.dll+0x3596ee]
V  [jvm.dll+0x35991f]
V  [jvm.dll+0x2d89a8]
V  [jvm.dll+0x2d6ddd]
V  [jvm.dll+0x2d642c]
V  [jvm.dll+0x31a2b1]
V  [jvm.dll+0x7e09eb]
V  [jvm.dll+0x7e1724]
V  [jvm.dll+0x7e1c3d]
V  [jvm.dll+0x7e2014]
V  [jvm.dll+0x7e20e0]
V  [jvm.dll+0x78a85a]
V  [jvm.dll+0x678bb5]
C  [ucrtbase.dll+0x37b0]
C  [KERNEL32.DLL+0x2e8d7]
C  [ntdll.dll+0xbbf2c]

VM_Operation (0x00000040f05f6818): G1TryInitiateConcMark, mode: safepoint, requested by thread 0x00000216850afe10


---------------  P R O C E S S  ---------------

Threads class SMR info:
_java_thread_list=0x0000021685cecfa0, length=59, elements={
0x000002169d187180, 0x00000216bd7721a0, 0x00000216bd772880, 0x00000216bd785960,
0x00000216bd785e40, 0x00000216bd786320, 0x00000216bd794830, 0x00000216bd798540,
0x00000216bd798b10, 0x00000216bd79b040, 0x00000216bd9af680, 0x00000216bdb30900,
0x0000021684b96890, 0x0000021684abd0b0, 0x0000021684266550, 0x0000021684edb1e0,
0x0000021684edb6c0, 0x00000216850ad590, 0x00000216850afe10, 0x00000216850adfb0,
0x00000216850b0830, 0x00000216850b0d40, 0x00000216850ae4c0, 0x00000216850ae9d0,
0x00000216850b0320, 0x00000216850af900, 0x00000216850aeee0, 0x00000216850af3f0,
0x000002168654b4a0, 0x000002168654cdf0, 0x000002168654bec0, 0x000002168654d300,
0x000002168654b9b0, 0x000002168654a060, 0x000002168654aa80, 0x000002168654dd20,
0x000002168654af90, 0x000002168654c3d0, 0x000002168654a570, 0x000002168654f670,
0x0000021686550090, 0x000002168654d810, 0x000002168654e230, 0x000002168654ec50,
0x000002168654e740, 0x000002168654c8e0, 0x000002168654f160, 0x0000021686550fc0,
0x0000021686550ab0, 0x000002168654fb80, 0x00000216865514d0, 0x00000216865505a0,
0x00000216865519e0, 0x00000216864e97c0, 0x00000216864e7960, 0x00000216864eb620,
0x00000216864e92b0, 0x00000216864ea6f0, 0x00000216864e9cd0
}

Java Threads: ( => current thread )
  0x000002169d187180 JavaThread "main" [_thread_blocked, id=32012, stack(0x00000040ee800000,0x00000040ee900000)]
  0x00000216bd7721a0 JavaThread "Reference Handler" daemon [_thread_blocked, id=15864, stack(0x00000040eef00000,0x00000040ef000000)]
  0x00000216bd772880 JavaThread "Finalizer" daemon [_thread_blocked, id=33228, stack(0x00000040ef000000,0x00000040ef100000)]
  0x00000216bd785960 JavaThread "Signal Dispatcher" daemon [_thread_blocked, id=33136, stack(0x00000040ef100000,0x00000040ef200000)]
  0x00000216bd785e40 JavaThread "Attach Listener" daemon [_thread_blocked, id=19916, stack(0x00000040ef200000,0x00000040ef300000)]
  0x00000216bd786320 JavaThread "Service Thread" daemon [_thread_blocked, id=30308, stack(0x00000040ef300000,0x00000040ef400000)]
  0x00000216bd794830 JavaThread "Monitor Deflation Thread" daemon [_thread_blocked, id=27192, stack(0x00000040ef400000,0x00000040ef500000)]
  0x00000216bd798540 JavaThread "C2 CompilerThread0" daemon [_thread_blocked, id=23512, stack(0x00000040ef500000,0x00000040ef600000)]
  0x00000216bd798b10 JavaThread "C1 CompilerThread0" daemon [_thread_blocked, id=5504, stack(0x00000040ef600000,0x00000040ef700000)]
  0x00000216bd79b040 JavaThread "Sweeper thread" daemon [_thread_blocked, id=6168, stack(0x00000040ef700000,0x00000040ef800000)]
  0x00000216bd9af680 JavaThread "Common-Cleaner" daemon [_thread_blocked, id=12480, stack(0x00000040ef800000,0x00000040ef900000)]
  0x00000216bdb30900 JavaThread "Notification Thread" daemon [_thread_blocked, id=2644, stack(0x00000040ef900000,0x00000040efa00000)]
  0x0000021684b96890 JavaThread "Daemon health stats" [_thread_blocked, id=11040, stack(0x00000040eff00000,0x00000040f0000000)]
  0x0000021684abd0b0 JavaThread "Incoming local TCP Connector on port 56981" [_thread_in_native, id=9716, stack(0x00000040f0000000,0x00000040f0100000)]
  0x0000021684266550 JavaThread "Daemon periodic checks" [_thread_blocked, id=6016, stack(0x00000040f0100000,0x00000040f0200000)]
  0x0000021684edb1e0 JavaThread "Daemon" [_thread_blocked, id=14840, stack(0x00000040f0200000,0x00000040f0300000)]
  0x0000021684edb6c0 JavaThread "Handler for socket connection from /127.0.0.1:56981 to /127.0.0.1:56983" [_thread_in_native, id=2896, stack(0x00000040f0300000,0x00000040f0400000)]
  0x00000216850ad590 JavaThread "Cancel handler" [_thread_blocked, id=2944, stack(0x00000040f0400000,0x00000040f0500000)]
  0x00000216850afe10 JavaThread "Daemon worker" [_thread_blocked, id=26520, stack(0x00000040f0500000,0x00000040f0600000)]
  0x00000216850adfb0 JavaThread "Asynchronous log dispatcher for DefaultDaemonConnection: socket connection from /127.0.0.1:56981 to /127.0.0.1:56983" [_thread_blocked, id=29648, stack(0x00000040f0600000,0x00000040f0700000)]
  0x00000216850b0830 JavaThread "Stdin handler" [_thread_blocked, id=30976, stack(0x00000040f0700000,0x00000040f0800000)]
  0x00000216850b0d40 JavaThread "Daemon client event forwarder" [_thread_blocked, id=31036, stack(0x00000040f0800000,0x00000040f0900000)]
  0x00000216850ae4c0 JavaThread "Cache worker for journal cache (C:\Users\chpre\.gradle\caches\journal-1)" [_thread_blocked, id=29024, stack(0x00000040f0e00000,0x00000040f0f00000)]
  0x00000216850ae9d0 JavaThread "File lock request listener" [_thread_in_native, id=31652, stack(0x00000040f0f00000,0x00000040f1000000)]
  0x00000216850b0320 JavaThread "Cache worker for file hash cache (C:\Users\chpre\.gradle\caches\8.4\fileHashes)" [_thread_blocked, id=29080, stack(0x00000040f1000000,0x00000040f1100000)]
  0x00000216850af900 JavaThread "File watcher server" daemon [_thread_blocked, id=2656, stack(0x00000040f1100000,0x00000040f1200000)]
  0x00000216850aeee0 JavaThread "File watcher consumer" daemon [_thread_blocked, id=28856, stack(0x00000040f1200000,0x00000040f1300000)]
  0x00000216850af3f0 JavaThread "Cache worker for checksums cache (D:\GDG\Expense-Tracker-main\Expense-Tracker-main\ExpenseTracker\.gradle\8.4\checksums)" [_thread_blocked, id=29204, stack(0x00000040f1300000,0x00000040f1400000)]
  0x000002168654b4a0 JavaThread "Cache worker for file hash cache (D:\GDG\Expense-Tracker-main\Expense-Tracker-main\ExpenseTracker\.gradle\8.4\fileHashes)" [_thread_blocked, id=13232, stack(0x00000040f1600000,0x00000040f1700000)]
  0x000002168654cdf0 JavaThread "Cache worker for cache directory md-supplier (C:\Users\chpre\.gradle\caches\8.4\md-supplier)" [_thread_blocked, id=32404, stack(0x00000040f1700000,0x00000040f1800000)]
  0x000002168654bec0 JavaThread "Cache worker for file content cache (C:\Users\chpre\.gradle\caches\8.4\fileContent)" [_thread_blocked, id=32276, stack(0x00000040f1800000,0x00000040f1900000)]
  0x000002168654d300 JavaThread "Cache worker for cache directory md-rule (C:\Users\chpre\.gradle\caches\8.4\md-rule)" [_thread_blocked, id=15228, stack(0x00000040f1900000,0x00000040f1a00000)]
  0x000002168654b9b0 JavaThread "Cache worker for execution history cache (C:\Users\chpre\.gradle\caches\8.4\executionHistory)" [_thread_blocked, id=13304, stack(0x00000040f1a00000,0x00000040f1b00000)]
  0x000002168654a060 JavaThread "Cache worker for kotlin-dsl (C:\Users\chpre\.gradle\caches\8.4\kotlin-dsl)" [_thread_blocked, id=16196, stack(0x00000040f1b00000,0x00000040f1c00000)]
  0x000002168654aa80 JavaThread "jar transforms" [_thread_blocked, id=23216, stack(0x00000040f1c00000,0x00000040f1d00000)]
  0x000002168654dd20 JavaThread "jar transforms Thread 2" [_thread_blocked, id=29572, stack(0x00000040f1d00000,0x00000040f1e00000)]
  0x000002168654af90 JavaThread "jar transforms Thread 3" [_thread_blocked, id=28732, stack(0x00000040f1e00000,0x00000040f1f00000)]
  0x000002168654c3d0 JavaThread "jar transforms Thread 4" [_thread_blocked, id=1296, stack(0x00000040f1f00000,0x00000040f2000000)]
  0x000002168654a570 JavaThread "Cache worker for dependencies-accessors (D:\GDG\Expense-Tracker-main\Expense-Tracker-main\ExpenseTracker\.gradle\8.4\dependencies-accessors)" [_thread_blocked, id=12372, stack(0x00000040f2000000,0x00000040f2100000)]
  0x000002168654f670 JavaThread "Cache worker for Build Output Cleanup Cache (D:\GDG\Expense-Tracker-main\Expense-Tracker-main\ExpenseTracker\.gradle\buildOutputCleanup)" [_thread_blocked, id=10392, stack(0x00000040f2100000,0x00000040f2200000)]
  0x0000021686550090 JavaThread "jar transforms Thread 5" [_thread_blocked, id=11964, stack(0x00000040f2200000,0x00000040f2300000)]
  0x000002168654d810 JavaThread "jar transforms Thread 6" [_thread_blocked, id=30628, stack(0x00000040f2300000,0x00000040f2400000)]
  0x000002168654e230 JavaThread "Unconstrained build operations" [_thread_blocked, id=17944, stack(0x00000040f2400000,0x00000040f2500000)]
  0x000002168654ec50 JavaThread "Unconstrained build operations Thread 2" [_thread_blocked, id=11100, stack(0x00000040f2500000,0x00000040f2600000)]
  0x000002168654e740 JavaThread "Unconstrained build operations Thread 3" [_thread_blocked, id=12696, stack(0x00000040f2600000,0x00000040f2700000)]
  0x000002168654c8e0 JavaThread "Unconstrained build operations Thread 4" [_thread_blocked, id=29756, stack(0x00000040f2700000,0x00000040f2800000)]
  0x000002168654f160 JavaThread "Unconstrained build operations Thread 5" [_thread_blocked, id=15060, stack(0x00000040f2800000,0x00000040f2900000)]
  0x0000021686550fc0 JavaThread "Unconstrained build operations Thread 6" [_thread_blocked, id=18772, stack(0x00000040f2900000,0x00000040f2a00000)]
  0x0000021686550ab0 JavaThread "Unconstrained build operations Thread 7" [_thread_blocked, id=18232, stack(0x00000040f2a00000,0x00000040f2b00000)]
  0x000002168654fb80 JavaThread "Unconstrained build operations Thread 8" [_thread_blocked, id=28984, stack(0x00000040f2b00000,0x00000040f2c00000)]
  0x00000216865514d0 JavaThread "Unconstrained build operations Thread 9" [_thread_blocked, id=29272, stack(0x00000040f2c00000,0x00000040f2d00000)]
  0x00000216865505a0 JavaThread "Unconstrained build operations Thread 10" [_thread_blocked, id=15792, stack(0x00000040f2d00000,0x00000040f2e00000)]
  0x00000216865519e0 JavaThread "Unconstrained build operations Thread 11" [_thread_blocked, id=19280, stack(0x00000040f2e00000,0x00000040f2f00000)]
  0x00000216864e97c0 JavaThread "jar transforms Thread 7" [_thread_blocked, id=13972, stack(0x00000040f2f00000,0x00000040f3000000)]
  0x00000216864e7960 JavaThread "jar transforms Thread 8" [_thread_blocked, id=6996, stack(0x00000040f3000000,0x00000040f3100000)]
  0x00000216864eb620 JavaThread "jar transforms Thread 9" [_thread_blocked, id=10724, stack(0x00000040f3100000,0x00000040f3200000)]
  0x00000216864e92b0 JavaThread "jar transforms Thread 10" [_thread_blocked, id=19364, stack(0x00000040f3200000,0x00000040f3300000)]
  0x00000216864ea6f0 JavaThread "jar transforms Thread 11" [_thread_blocked, id=12100, stack(0x00000040f3300000,0x00000040f3400000)]
  0x00000216864e9cd0 JavaThread "jar transforms Thread 12" [_thread_blocked, id=21952, stack(0x00000040f3400000,0x00000040f3500000)]

Other Threads:
=>0x00000216bd76bc30 VMThread "VM Thread" [stack: 0x00000040eee00000,0x00000040eef00000] [id=23864]
  0x000002169d20b0e0 WatcherThread [stack: 0x00000040efa00000,0x00000040efb00000] [id=9276]
  0x000002169cf3e800 GCTaskThread "GC Thread#0" [stack: 0x00000040ee900000,0x00000040eea00000] [id=21600]
  0x00000216ff698b70 GCTaskThread "GC Thread#1" [stack: 0x00000040efb00000,0x00000040efc00000] [id=27052]
  0x00000216ff572eb0 GCTaskThread "GC Thread#2" [stack: 0x00000040efc00000,0x00000040efd00000] [id=22292]
  0x00000216bdd0ebe0 GCTaskThread "GC Thread#3" [stack: 0x00000040efd00000,0x00000040efe00000] [id=12236]
  0x00000216ff7bf3e0 GCTaskThread "GC Thread#4" [stack: 0x00000040efe00000,0x00000040eff00000] [id=33380]
  0x0000021684bbee40 GCTaskThread "GC Thread#5" [stack: 0x00000040f0900000,0x00000040f0a00000] [id=14152]
  0x0000021684e4a5a0 GCTaskThread "GC Thread#6" [stack: 0x00000040f0a00000,0x00000040f0b00000] [id=10720]
  0x0000021684e4aa70 GCTaskThread "GC Thread#7" [stack: 0x00000040f0b00000,0x00000040f0c00000] [id=32948]
  0x000002168487b520 GCTaskThread "GC Thread#8" [stack: 0x00000040f0c00000,0x00000040f0d00000] [id=19684]
  0x000002168487b7e0 GCTaskThread "GC Thread#9" [stack: 0x00000040f0d00000,0x00000040f0e00000] [id=21812]
  0x000002169d1f4c80 ConcurrentGCThread "G1 Main Marker" [stack: 0x00000040eea00000,0x00000040eeb00000] [id=3356]
  0x000002169d1f6fc0 ConcurrentGCThread "G1 Conc#0" [stack: 0x00000040eeb00000,0x00000040eec00000] [id=28696]
  0x000002168548e960 ConcurrentGCThread "G1 Conc#1" [stack: 0x00000040f1400000,0x00000040f1500000] [id=20496]
  0x000002168548e120 ConcurrentGCThread "G1 Conc#2" [stack: 0x00000040f1500000,0x00000040f1600000] [id=24300]
  0x00000216bd6110b0 ConcurrentGCThread "G1 Refine#0" [stack: 0x00000040eec00000,0x00000040eed00000] [id=2072]
  0x00000216bd6114a0 ConcurrentGCThread "G1 Service" [stack: 0x00000040eed00000,0x00000040eee00000] [id=14328]

Threads with active compile tasks:

VM state: at safepoint (normal execution)

VM Mutex/Monitor currently owned by a thread:  ([mutex/lock_event])
[0x000002169d184080] Threads_lock - owner thread: 0x00000216bd76bc30
[0x000002169d1830c0] Heap_lock - owner thread: 0x00000216850afe10

Heap address: 0x0000000080000000, size: 2048 MB, Compressed Oops mode: 32-bit

CDS archive(s) mapped at: [0x00000216be000000-0x00000216bebd0000-0x00000216bebd0000), size 12386304, SharedBaseAddress: 0x00000216be000000, ArchiveRelocationMode: 1.
Compressed class space mapped at: 0x00000216bf000000-0x00000216ff000000, reserved size: 1073741824
Narrow klass base: 0x00000216be000000, Narrow klass shift: 0, Narrow klass range: 0x100000000

GC Precious Log:
 CPUs: 12 total, 12 available
 Memory: 5828M
 Large Page Support: Disabled
 NUMA Support: Disabled
 Compressed Oops: Enabled (32-bit)
 Heap Region Size: 1M
 Heap Min Capacity: 8M
 Heap Initial Capacity: 92M
 Heap Max Capacity: 2G
 Pre-touch: Disabled
 Parallel Workers: 10
 Concurrent Workers: 3
 Concurrent Refinement Workers: 10
 Periodic GC: Disabled

Heap:
 garbage-first heap   total 92160K, used 55319K [0x0000000080000000, 0x0000000100000000)
  region size 1024K, 2 young (2048K), 2 survivors (2048K)
 Metaspace       used 44943K, committed 45504K, reserved 1114112K
  class space    used 6376K, committed 6656K, reserved 1048576K

Heap Regions: E=young(eden), S=young(survivor), O=old, HS=humongous(starts), HC=humongous(continues), CS=collection set, F=free, OA=open archive, CA=closed archive, TAMS=top-at-mark-start (previous, next)
|   0|0x0000000080000000, 0x0000000080100000, 0x0000000080100000|100%|HS|  |TAMS 0x0000000080100000, 0x0000000080100000| Complete 
|   1|0x0000000080100000, 0x0000000080200000, 0x0000000080200000|100%|HC|  |TAMS 0x0000000080200000, 0x0000000080200000| Complete 
|   2|0x0000000080200000, 0x0000000080300000, 0x0000000080300000|100%|HC|  |TAMS 0x0000000080300000, 0x0000000080300000| Complete 
|   3|0x0000000080300000, 0x0000000080400000, 0x0000000080400000|100%|HC|  |TAMS 0x0000000080400000, 0x0000000080400000| Complete 
|   4|0x0000000080400000, 0x0000000080500000, 0x0000000080500000|100%| O|  |TAMS 0x0000000080500000, 0x0000000080500000| Untracked 
|   5|0x0000000080500000, 0x0000000080600000, 0x0000000080600000|100%| O|  |TAMS 0x0000000080600000, 0x0000000080600000| Untracked 
|   6|0x0000000080600000, 0x0000000080700000, 0x0000000080700000|100%| O|  |TAMS 0x0000000080700000, 0x0000000080700000| Untracked 
|   7|0x0000000080700000, 0x0000000080800000, 0x0000000080800000|100%| O|  |TAMS 0x0000000080800000, 0x0000000080800000| Untracked 
|   8|0x0000000080800000, 0x0000000080900000, 0x0000000080900000|100%| O|  |TAMS 0x0000000080900000, 0x0000000080900000| Untracked 
|   9|0x0000000080900000, 0x0000000080a00000, 0x0000000080a00000|100%| O|  |TAMS 0x0000000080a00000, 0x0000000080a00000| Untracked 
|  10|0x0000000080a00000, 0x0000000080b00000, 0x0000000080b00000|100%| O|  |TAMS 0x0000000080b00000, 0x0000000080b00000| Untracked 
|  11|0x0000000080b00000, 0x0000000080c00000, 0x0000000080c00000|100%| O|  |TAMS 0x0000000080c00000, 0x0000000080c00000| Untracked 
|  12|0x0000000080c00000, 0x0000000080d00000, 0x0000000080d00000|100%| O|  |TAMS 0x0000000080d00000, 0x0000000080d00000| Untracked 
|  13|0x0000000080d00000, 0x0000000080e00000, 0x0000000080e00000|100%| O|  |TAMS 0x0000000080e00000, 0x0000000080e00000| Untracked 
|  14|0x0000000080e00000, 0x0000000080f00000, 0x0000000080f00000|100%| O|  |TAMS 0x0000000080f00000, 0x0000000080f00000| Untracked 
|  15|0x0000000080f00000, 0x0000000081000000, 0x0000000081000000|100%| O|  |TAMS 0x0000000081000000, 0x0000000081000000| Untracked 
|  16|0x0000000081000000, 0x0000000081100000, 0x0000000081100000|100%| O|  |TAMS 0x0000000081100000, 0x0000000081100000| Untracked 
|  17|0x0000000081100000, 0x0000000081200000, 0x0000000081200000|100%| O|  |TAMS 0x0000000081200000, 0x0000000081200000| Untracked 
|  18|0x0000000081200000, 0x00000000812eec00, 0x0000000081300000| 93%| O|  |TAMS 0x00000000812eec00, 0x00000000812eec00| Untracked 
|  19|0x0000000081300000, 0x0000000081400000, 0x0000000081400000|100%| O|  |TAMS 0x0000000081400000, 0x0000000081400000| Untracked 
|  20|0x0000000081400000, 0x0000000081500000, 0x0000000081500000|100%| O|  |TAMS 0x0000000081500000, 0x0000000081500000| Untracked 
|  21|0x0000000081500000, 0x0000000081600000, 0x0000000081600000|100%| O|  |TAMS 0x0000000081600000, 0x0000000081600000| Untracked 
|  22|0x0000000081600000, 0x0000000081700000, 0x0000000081700000|100%| O|  |TAMS 0x0000000081700000, 0x0000000081700000| Untracked 
|  23|0x0000000081700000, 0x0000000081800000, 0x0000000081800000|100%| O|  |TAMS 0x0000000081800000, 0x0000000081800000| Untracked 
|  24|0x0000000081800000, 0x0000000081900000, 0x0000000081900000|100%| O|  |TAMS 0x0000000081900000, 0x0000000081900000| Untracked 
|  25|0x0000000081900000, 0x0000000081a00000, 0x0000000081a00000|100%| O|  |TAMS 0x0000000081a00000, 0x0000000081a00000| Untracked 
|  26|0x0000000081a00000, 0x0000000081b00000, 0x0000000081b00000|100%| O|  |TAMS 0x0000000081b00000, 0x0000000081b00000| Untracked 
|  27|0x0000000081b00000, 0x0000000081c00000, 0x0000000081c00000|100%| O|  |TAMS 0x0000000081c00000, 0x0000000081c00000| Untracked 
|  28|0x0000000081c00000, 0x0000000081d00000, 0x0000000081d00000|100%| O|  |TAMS 0x0000000081d00000, 0x0000000081d00000| Untracked 
|  29|0x0000000081d00000, 0x0000000081e00000, 0x0000000081e00000|100%| O|  |TAMS 0x0000000081e00000, 0x0000000081e00000| Untracked 
|  30|0x0000000081e00000, 0x0000000081f00000, 0x0000000081f00000|100%| O|  |TAMS 0x0000000081f00000, 0x0000000081f00000| Untracked 
|  31|0x0000000081f00000, 0x0000000082000000, 0x0000000082000000|100%| O|  |TAMS 0x0000000082000000, 0x0000000082000000| Untracked 
|  32|0x0000000082000000, 0x0000000082100000, 0x0000000082100000|100%|HS|  |TAMS 0x0000000082100000, 0x0000000082100000| Complete 
|  33|0x0000000082100000, 0x0000000082200000, 0x0000000082200000|100%|HS|  |TAMS 0x0000000082200000, 0x0000000082200000| Complete 
|  34|0x0000000082200000, 0x0000000082300000, 0x0000000082300000|100%|HS|  |TAMS 0x0000000082300000, 0x0000000082300000| Complete 
|  35|0x0000000082300000, 0x0000000082400000, 0x0000000082400000|100%| O|  |TAMS 0x0000000082400000, 0x0000000082400000| Untracked 
|  36|0x0000000082400000, 0x0000000082500000, 0x0000000082500000|100%| O|  |TAMS 0x0000000082500000, 0x0000000082500000| Untracked 
|  37|0x0000000082500000, 0x0000000082600000, 0x0000000082600000|100%| O|  |TAMS 0x0000000082600000, 0x0000000082600000| Untracked 
|  38|0x0000000082600000, 0x0000000082700000, 0x0000000082700000|100%| O|  |TAMS 0x0000000082700000, 0x0000000082700000| Untracked 
|  39|0x0000000082700000, 0x0000000082800000, 0x0000000082800000|100%| O|  |TAMS 0x0000000082800000, 0x0000000082800000| Untracked 
|  40|0x0000000082800000, 0x0000000082900000, 0x0000000082900000|100%| O|  |TAMS 0x0000000082900000, 0x0000000082900000| Untracked 
|  41|0x0000000082900000, 0x0000000082a00000, 0x0000000082a00000|100%|HS|  |TAMS 0x0000000082a00000, 0x0000000082a00000| Complete 
|  42|0x0000000082a00000, 0x0000000082b00000, 0x0000000082b00000|100%|HC|  |TAMS 0x0000000082b00000, 0x0000000082b00000| Complete 
|  43|0x0000000082b00000, 0x0000000082c00000, 0x0000000082c00000|100%| O|  |TAMS 0x0000000082c00000, 0x0000000082c00000| Untracked 
|  44|0x0000000082c00000, 0x0000000082d00000, 0x0000000082d00000|100%| O|  |TAMS 0x0000000082c96800, 0x0000000082c96800| Untracked 
|  45|0x0000000082d00000, 0x0000000082e00000, 0x0000000082e00000|100%|HS|  |TAMS 0x0000000082e00000, 0x0000000082e00000| Complete 
|  46|0x0000000082e00000, 0x0000000082f00000, 0x0000000082f00000|100%|HC|  |TAMS 0x0000000082f00000, 0x0000000082f00000| Complete 
|  47|0x0000000082f00000, 0x0000000083000000, 0x0000000083000000|100%|HS|  |TAMS 0x0000000082f00000, 0x0000000083000000| Complete 
|  48|0x0000000083000000, 0x0000000083100000, 0x0000000083100000|100%|HC|  |TAMS 0x0000000083000000, 0x0000000083100000| Complete 
|  49|0x0000000083100000, 0x0000000083200000, 0x0000000083200000|100%|HC|  |TAMS 0x0000000083100000, 0x0000000083200000| Complete 
|  50|0x0000000083200000, 0x0000000083300000, 0x0000000083300000|100%|HC|  |TAMS 0x0000000083200000, 0x0000000083300000| Complete 
|  51|0x0000000083300000, 0x0000000083400000, 0x0000000083400000|100%| O|  |TAMS 0x0000000083300000, 0x0000000083300000| Untracked 
|  52|0x0000000083400000, 0x0000000083479400, 0x0000000083500000| 47%| O|  |TAMS 0x0000000083400000, 0x0000000083400000| Untracked 
|  53|0x0000000083500000, 0x0000000083500000, 0x0000000083600000|  0%| F|  |TAMS 0x0000000083500000, 0x0000000083500000| Untracked 
|  54|0x0000000083600000, 0x0000000083600000, 0x0000000083700000|  0%| F|  |TAMS 0x0000000083600000, 0x0000000083600000| Untracked 
|  55|0x0000000083700000, 0x0000000083700000, 0x0000000083800000|  0%| F|  |TAMS 0x0000000083700000, 0x0000000083700000| Untracked 
|  56|0x0000000083800000, 0x0000000083800000, 0x0000000083900000|  0%| F|  |TAMS 0x0000000083800000, 0x0000000083800000| Untracked 
|  57|0x0000000083900000, 0x0000000083900000, 0x0000000083a00000|  0%| F|  |TAMS 0x0000000083900000, 0x0000000083900000| Untracked 
|  58|0x0000000083a00000, 0x0000000083a00000, 0x0000000083b00000|  0%| F|  |TAMS 0x0000000083a00000, 0x0000000083a00000| Untracked 
|  59|0x0000000083b00000, 0x0000000083b00000, 0x0000000083c00000|  0%| F|  |TAMS 0x0000000083b00000, 0x0000000083b00000| Untracked 
|  60|0x0000000083c00000, 0x0000000083c00000, 0x0000000083d00000|  0%| F|  |TAMS 0x0000000083c00000, 0x0000000083c00000| Untracked 
|  61|0x0000000083d00000, 0x0000000083d00000, 0x0000000083e00000|  0%| F|  |TAMS 0x0000000083d00000, 0x0000000083d00000| Untracked 
|  62|0x0000000083e00000, 0x0000000083e00000, 0x0000000083f00000|  0%| F|  |TAMS 0x0000000083e00000, 0x0000000083e00000| Untracked 
|  63|0x0000000083f00000, 0x0000000083f00000, 0x0000000084000000|  0%| F|  |TAMS 0x0000000083f00000, 0x0000000083f00000| Untracked 
|  64|0x0000000084000000, 0x0000000084000000, 0x0000000084100000|  0%| F|  |TAMS 0x0000000084000000, 0x0000000084000000| Untracked 
|  65|0x0000000084100000, 0x0000000084100000, 0x0000000084200000|  0%| F|  |TAMS 0x0000000084100000, 0x0000000084100000| Untracked 
|  66|0x0000000084200000, 0x0000000084200000, 0x0000000084300000|  0%| F|  |TAMS 0x0000000084200000, 0x0000000084200000| Untracked 
|  67|0x0000000084300000, 0x0000000084300000, 0x0000000084400000|  0%| F|  |TAMS 0x0000000084300000, 0x0000000084300000| Untracked 
|  68|0x0000000084400000, 0x0000000084400000, 0x0000000084500000|  0%| F|  |TAMS 0x0000000084400000, 0x0000000084400000| Untracked 
|  69|0x0000000084500000, 0x0000000084500000, 0x0000000084600000|  0%| F|  |TAMS 0x0000000084500000, 0x0000000084500000| Untracked 
|  70|0x0000000084600000, 0x0000000084600000, 0x0000000084700000|  0%| F|  |TAMS 0x0000000084600000, 0x0000000084600000| Untracked 
|  71|0x0000000084700000, 0x0000000084700000, 0x0000000084800000|  0%| F|  |TAMS 0x0000000084700000, 0x0000000084700000| Untracked 
|  72|0x0000000084800000, 0x0000000084800000, 0x0000000084900000|  0%| F|  |TAMS 0x0000000084800000, 0x0000000084800000| Untracked 
|  73|0x0000000084900000, 0x0000000084900000, 0x0000000084a00000|  0%| F|  |TAMS 0x0000000084900000, 0x0000000084900000| Untracked 
|  74|0x0000000084a00000, 0x0000000084a00000, 0x0000000084b00000|  0%| F|  |TAMS 0x0000000084a00000, 0x0000000084a00000| Untracked 
|  75|0x0000000084b00000, 0x0000000084b00000, 0x0000000084c00000|  0%| F|  |TAMS 0x0000000084b00000, 0x0000000084b00000| Untracked 
|  76|0x0000000084c00000, 0x0000000084c00000, 0x0000000084d00000|  0%| F|  |TAMS 0x0000000084c00000, 0x0000000084c00000| Untracked 
|  77|0x0000000084d00000, 0x0000000084d00000, 0x0000000084e00000|  0%| F|  |TAMS 0x0000000084d00000, 0x0000000084d00000| Untracked 
|  78|0x0000000084e00000, 0x0000000084e00000, 0x0000000084f00000|  0%| F|  |TAMS 0x0000000084e00000, 0x0000000084e00000| Untracked 
|  79|0x0000000084f00000, 0x0000000084f00000, 0x0000000085000000|  0%| F|  |TAMS 0x0000000084f00000, 0x0000000084f00000| Untracked 
|  80|0x0000000085000000, 0x0000000085000000, 0x0000000085100000|  0%| F|  |TAMS 0x0000000085000000, 0x0000000085000000| Untracked 
|  81|0x0000000085100000, 0x0000000085100000, 0x0000000085200000|  0%| F|  |TAMS 0x0000000085100000, 0x0000000085100000| Untracked 
|  82|0x0000000085200000, 0x0000000085200000, 0x0000000085300000|  0%| F|  |TAMS 0x0000000085200000, 0x0000000085200000| Untracked 
|  83|0x0000000085300000, 0x0000000085300000, 0x0000000085400000|  0%| F|  |TAMS 0x0000000085300000, 0x0000000085300000| Untracked 
|  84|0x0000000085400000, 0x0000000085400000, 0x0000000085500000|  0%| F|  |TAMS 0x0000000085400000, 0x0000000085400000| Untracked 
|  85|0x0000000085500000, 0x0000000085500000, 0x0000000085600000|  0%| F|  |TAMS 0x0000000085500000, 0x0000000085500000| Untracked 
|  86|0x0000000085600000, 0x000000008569dfd0, 0x0000000085700000| 61%| S|CS|TAMS 0x0000000085600000, 0x0000000085600000| Complete 
|  87|0x0000000085700000, 0x0000000085800000, 0x0000000085800000|100%| S|CS|TAMS 0x0000000085700000, 0x0000000085700000| Complete 
|  88|0x0000000085800000, 0x0000000085800000, 0x0000000085900000|  0%| F|  |TAMS 0x0000000085800000, 0x0000000085800000| Untracked 
|  91|0x0000000085b00000, 0x0000000085b00000, 0x0000000085c00000|  0%| F|  |TAMS 0x0000000085b00000, 0x0000000085b00000| Untracked 

Card table byte_map: [0x00000216b6350000,0x00000216b6750000] _byte_map_base: 0x00000216b5f50000

Marking Bits (Prev, Next): (CMBitMap*) 0x000002169d1e4470, (CMBitMap*) 0x000002169d1e4430
 Prev Bits: [0x00000216b8b50000, 0x00000216bab50000)
 Next Bits: [0x00000216b6b50000, 0x00000216b8b50000)

Polling page: 0x000002169ea00000

Metaspace:

Usage:
  Non-class:     37.66 MB used.
      Class:      6.23 MB used.
       Both:     43.89 MB used.

Virtual space:
  Non-class space:       64.00 MB reserved,      37.94 MB ( 59%) committed,  1 nodes.
      Class space:        1.00 GB reserved,       6.50 MB ( <1%) committed,  1 nodes.
             Both:        1.06 GB reserved,      44.44 MB (  4%) committed. 

Chunk freelists:
   Non-Class:  9.63 MB
       Class:  9.53 MB
        Both:  19.16 MB

MaxMetaspaceSize: unlimited
CompressedClassSpaceSize: 1.00 GB
Initial GC threshold: 21.00 MB
Current GC threshold: 74.00 MB
CDS: on
MetaspaceReclaimPolicy: balanced
 - commit_granule_bytes: 65536.
 - commit_granule_words: 8192.
 - virtual_space_node_default_size: 8388608.
 - enlarge_chunks_in_place: 1.
 - new_chunks_are_fully_committed: 0.
 - uncommit_free_chunks: 1.
 - use_allocation_guard: 0.
 - handle_deallocations: 1.


Internal statistics:

num_allocs_failed_limit: 6.
num_arena_births: 602.
num_arena_deaths: 0.
num_vsnodes_births: 2.
num_vsnodes_deaths: 0.
num_space_committed: 711.
num_space_uncommitted: 0.
num_chunks_returned_to_freelist: 6.
num_chunks_taken_from_freelist: 2351.
num_chunk_merges: 6.
num_chunk_splits: 1577.
num_chunks_enlarged: 1069.
num_inconsistent_stats: 0.

CodeHeap 'non-profiled nmethods': size=120000Kb used=2299Kb max_used=3180Kb free=117700Kb
 bounds [0x00000216ade80000, 0x00000216ae1a0000, 0x00000216b53b0000]
CodeHeap 'profiled nmethods': size=120000Kb used=10236Kb max_used=11796Kb free=109763Kb
 bounds [0x00000216a63b0000, 0x00000216a6f40000, 0x00000216ad8e0000]
CodeHeap 'non-nmethods': size=5760Kb used=1628Kb max_used=1671Kb free=4131Kb
 bounds [0x00000216ad8e0000, 0x00000216adb50000, 0x00000216ade80000]
 total_blobs=6216 nmethods=5519 adapters=608
 compilation: enabled
              stopped_count=0, restarted_count=0
 full_count=0

Compilation events (20 events):
Event: 15.493 Thread 0x00000216bd798b10 6329       3       jdk.internal.loader.URLClassPath$JarLoader::isOptimizable (10 bytes)
Event: 15.493 Thread 0x00000216bd798b10 nmethod 6329 0x00000216a68d0290 code [0x00000216a68d0440, 0x00000216a68d05a8]
Event: 15.493 Thread 0x00000216bd798b10 6330       3       jdk.internal.loader.FileURLMapper::<init> (10 bytes)
Event: 15.493 Thread 0x00000216bd798b10 nmethod 6330 0x00000216a6a83c90 code [0x00000216a6a83e20, 0x00000216a6a83fd8]
Event: 15.493 Thread 0x00000216bd798b10 6331       3       jdk.internal.loader.FileURLMapper::exists (19 bytes)
Event: 15.494 Thread 0x00000216bd798b10 nmethod 6331 0x00000216a642d110 code [0x00000216a642d320, 0x00000216a642d968]
Event: 15.506 Thread 0x00000216bd798b10 6332       3       java.io.RandomAccessFile::<init> (262 bytes)
Event: 15.508 Thread 0x00000216bd798b10 nmethod 6332 0x00000216a6525110 code [0x00000216a65254c0, 0x00000216a6526aa8]
Event: 15.516 Thread 0x00000216bd798540 6333       4       java.util.jar.JarFile::match (132 bytes)
Event: 15.520 Thread 0x00000216bd798540 nmethod 6333 0x00000216adefe390 code [0x00000216adefe520, 0x00000216adefe858]
Event: 15.521 Thread 0x00000216bd798540 6334       4       java.util.zip.ZipFile$Source::initCEN (591 bytes)
Event: 15.522 Thread 0x00000216bd798b10 6335       3       java.util.jar.Attributes::<init> (17 bytes)
Event: 15.522 Thread 0x00000216bd798b10 nmethod 6335 0x00000216a690b010 code [0x00000216a690b200, 0x00000216a690b548]
Event: 15.557 Thread 0x00000216bd798b10 6336       3       sun.nio.fs.WindowsFileSystemProvider::readAttributes (63 bytes)
Event: 15.557 Thread 0x00000216bd798b10 nmethod 6336 0x00000216a6744e90 code [0x00000216a67450a0, 0x00000216a67456d8]
Event: 16.099 Thread 0x00000216bd798540 nmethod 6334 0x00000216adf40b10 code [0x00000216adf40e60, 0x00000216adf44e30]
Event: 16.668 Thread 0x00000216bd798540 6337       4       java.lang.StringConcatHelper::stringOf (20 bytes)
Event: 16.669 Thread 0x00000216bd798540 nmethod 6337 0x00000216adecac90 code [0x00000216adecae00, 0x00000216adecae98]
Event: 17.160 Thread 0x00000216bd798b10 6338       3       java.util.TreeMap::rotateLeft (96 bytes)
Event: 17.160 Thread 0x00000216bd798b10 nmethod 6338 0x00000216a6adc690 code [0x00000216a6adc860, 0x00000216a6adcd98]

GC Heap History (20 events):
Event: 9.434 GC heap after
{Heap after GC invocations=7 (full 0):
 garbage-first heap   total 81920K, used 26449K [0x0000000080000000, 0x0000000100000000)
  region size 1024K, 5 young (5120K), 5 survivors (5120K)
 Metaspace       used 28850K, committed 29248K, reserved 1114112K
  class space    used 4102K, committed 4288K, reserved 1048576K
}
Event: 9.924 GC heap before
{Heap before GC invocations=7 (full 0):
 garbage-first heap   total 81920K, used 59217K [0x0000000080000000, 0x0000000100000000)
  region size 1024K, 38 young (38912K), 5 survivors (5120K)
 Metaspace       used 31176K, committed 31552K, reserved 1114112K
  class space    used 4392K, committed 4608K, reserved 1048576K
}
Event: 9.929 GC heap after
{Heap after GC invocations=8 (full 0):
 garbage-first heap   total 81920K, used 28796K [0x0000000080000000, 0x0000000100000000)
  region size 1024K, 3 young (3072K), 3 survivors (3072K)
 Metaspace       used 31176K, committed 31552K, reserved 1114112K
  class space    used 4392K, committed 4608K, reserved 1048576K
}
Event: 10.715 GC heap before
{Heap before GC invocations=8 (full 0):
 garbage-first heap   total 81920K, used 62588K [0x0000000080000000, 0x0000000100000000)
  region size 1024K, 35 young (35840K), 3 survivors (3072K)
 Metaspace       used 34844K, committed 35328K, reserved 1114112K
  class space    used 4894K, committed 5120K, reserved 1048576K
}
Event: 10.718 GC heap after
{Heap after GC invocations=9 (full 0):
 garbage-first heap   total 81920K, used 30121K [0x0000000080000000, 0x0000000100000000)
  region size 1024K, 4 young (4096K), 4 survivors (4096K)
 Metaspace       used 34844K, committed 35328K, reserved 1114112K
  class space    used 4894K, committed 5120K, reserved 1048576K
}
Event: 10.862 GC heap before
{Heap before GC invocations=9 (full 0):
 garbage-first heap   total 81920K, used 37289K [0x0000000080000000, 0x0000000100000000)
  region size 1024K, 12 young (12288K), 4 survivors (4096K)
 Metaspace       used 35512K, committed 35968K, reserved 1114112K
  class space    used 5004K, committed 5248K, reserved 1048576K
}
Event: 10.865 GC heap after
{Heap after GC invocations=10 (full 0):
 garbage-first heap   total 81920K, used 30529K [0x0000000080000000, 0x0000000100000000)
  region size 1024K, 3 young (3072K), 3 survivors (3072K)
 Metaspace       used 35512K, committed 35968K, reserved 1114112K
  class space    used 5004K, committed 5248K, reserved 1048576K
}
Event: 12.052 GC heap before
{Heap before GC invocations=11 (full 0):
 garbage-first heap   total 81920K, used 63297K [0x0000000080000000, 0x0000000100000000)
  region size 1024K, 35 young (35840K), 3 survivors (3072K)
 Metaspace       used 39585K, committed 40064K, reserved 1114112K
  class space    used 5621K, committed 5824K, reserved 1048576K
}
Event: 12.056 GC heap after
{Heap after GC invocations=12 (full 0):
 garbage-first heap   total 81920K, used 32244K [0x0000000080000000, 0x0000000100000000)
  region size 1024K, 4 young (4096K), 4 survivors (4096K)
 Metaspace       used 39585K, committed 40064K, reserved 1114112K
  class space    used 5621K, committed 5824K, reserved 1048576K
}
Event: 13.283 GC heap before
{Heap before GC invocations=12 (full 0):
 garbage-first heap   total 81920K, used 65012K [0x0000000080000000, 0x0000000100000000)
  region size 1024K, 36 young (36864K), 4 survivors (4096K)
 Metaspace       used 43386K, committed 43904K, reserved 1114112K
  class space    used 6205K, committed 6464K, reserved 1048576K
}
Event: 13.286 GC heap after
{Heap after GC invocations=13 (full 0):
 garbage-first heap   total 81920K, used 33759K [0x0000000080000000, 0x0000000100000000)
  region size 1024K, 4 young (4096K), 4 survivors (4096K)
 Metaspace       used 43386K, committed 43904K, reserved 1114112K
  class space    used 6205K, committed 6464K, reserved 1048576K
}
Event: 14.954 GC heap before
{Heap before GC invocations=13 (full 0):
 garbage-first heap   total 81920K, used 64479K [0x0000000080000000, 0x0000000100000000)
  region size 1024K, 35 young (35840K), 4 survivors (4096K)
 Metaspace       used 44734K, committed 45248K, reserved 1114112K
  class space    used 6350K, committed 6592K, reserved 1048576K
}
Event: 14.958 GC heap after
{Heap after GC invocations=14 (full 0):
 garbage-first heap   total 81920K, used 37713K [0x0000000080000000, 0x0000000100000000)
  region size 1024K, 5 young (5120K), 5 survivors (5120K)
 Metaspace       used 44734K, committed 45248K, reserved 1114112K
  class space    used 6350K, committed 6592K, reserved 1048576K
}
Event: 15.333 GC heap before
{Heap before GC invocations=14 (full 0):
 garbage-first heap   total 81920K, used 46929K [0x0000000080000000, 0x0000000100000000)
  region size 1024K, 12 young (12288K), 5 survivors (5120K)
 Metaspace       used 44884K, committed 45440K, reserved 1114112K
  class space    used 6366K, committed 6656K, reserved 1048576K
}
Event: 15.337 GC heap after
{Heap after GC invocations=15 (full 0):
 garbage-first heap   total 81920K, used 44191K [0x0000000080000000, 0x0000000100000000)
  region size 1024K, 4 young (4096K), 4 survivors (4096K)
 Metaspace       used 44884K, committed 45440K, reserved 1114112K
  class space    used 6366K, committed 6656K, reserved 1048576K
}
Event: 15.386 GC heap before
{Heap before GC invocations=16 (full 0):
 garbage-first heap   total 81920K, used 46239K [0x0000000080000000, 0x0000000100000000)
  region size 1024K, 5 young (5120K), 4 survivors (4096K)
 Metaspace       used 44889K, committed 45504K, reserved 1114112K
  class space    used 6368K, committed 6656K, reserved 1048576K
}
Event: 15.388 GC heap after
{Heap after GC invocations=17 (full 0):
 garbage-first heap   total 81920K, used 46071K [0x0000000080000000, 0x0000000100000000)
  region size 1024K, 1 young (1024K), 1 survivors (1024K)
 Metaspace       used 44889K, committed 45504K, reserved 1114112K
  class space    used 6368K, committed 6656K, reserved 1048576K
}
Event: 15.583 GC heap before
{Heap before GC invocations=18 (full 0):
 garbage-first heap   total 83968K, used 50167K [0x0000000080000000, 0x0000000100000000)
  region size 1024K, 5 young (5120K), 1 survivors (1024K)
 Metaspace       used 44943K, committed 45504K, reserved 1114112K
  class space    used 6376K, committed 6656K, reserved 1048576K
}
Event: 15.585 GC heap after
{Heap after GC invocations=19 (full 0):
 garbage-first heap   total 83968K, used 49421K [0x0000000080000000, 0x0000000100000000)
  region size 1024K, 2 young (2048K), 2 survivors (2048K)
 Metaspace       used 44943K, committed 45504K, reserved 1114112K
  class space    used 6376K, committed 6656K, reserved 1048576K
}
Event: 17.167 GC heap before
{Heap before GC invocations=20 (full 0):
 garbage-first heap   total 92160K, used 53517K [0x0000000080000000, 0x0000000100000000)
  region size 1024K, 4 young (4096K), 2 survivors (2048K)
 Metaspace       used 44943K, committed 45504K, reserved 1114112K
  class space    used 6376K, committed 6656K, reserved 1048576K
}

Deoptimization events (20 events):
Event: 15.228 Thread 0x00000216850afe10 DEOPT PACKING pc=0x00000216a648493d sp=0x00000040f05f8970
Event: 15.228 Thread 0x00000216850afe10 DEOPT UNPACKING pc=0x00000216ad932b43 sp=0x00000040f05f7df8 mode 0
Event: 15.275 Thread 0x00000216850afe10 Uncommon trap: trap_request=0xffffff45 fr.pc=0x00000216adf0e0f0 relative=0x0000000000000f70
Event: 15.275 Thread 0x00000216850afe10 Uncommon trap: reason=unstable_if action=reinterpret pc=0x00000216adf0e0f0 method=java.util.jar.JarFile.checkForSpecialAttributes()V @ 53 c2
Event: 15.276 Thread 0x00000216850afe10 DEOPT PACKING pc=0x00000216adf0e0f0 sp=0x00000040f05f8de0
Event: 15.276 Thread 0x00000216850afe10 DEOPT UNPACKING pc=0x00000216ad9323a3 sp=0x00000040f05f8d80 mode 2
Event: 15.473 Thread 0x00000216850afe10 Uncommon trap: trap_request=0xffffffc6 fr.pc=0x00000216ae1720a4 relative=0x0000000000000064
Event: 15.473 Thread 0x00000216850afe10 Uncommon trap: reason=bimorphic_or_optimized_type_check action=maybe_recompile pc=0x00000216ae1720a4 method=com.google.common.collect.ImmutableList.copyOf(Ljava/util/Collection;)Lcom/google/common/collect/ImmutableList; @ 16 c2
Event: 15.473 Thread 0x00000216850afe10 DEOPT PACKING pc=0x00000216ae1720a4 sp=0x00000040f05f8d00
Event: 15.473 Thread 0x00000216850afe10 DEOPT UNPACKING pc=0x00000216ad9323a3 sp=0x00000040f05f8ca8 mode 2
Event: 15.474 Thread 0x00000216850afe10 Uncommon trap: trap_request=0xffffffc6 fr.pc=0x00000216ae1720a4 relative=0x0000000000000064
Event: 15.474 Thread 0x00000216850afe10 Uncommon trap: reason=bimorphic_or_optimized_type_check action=maybe_recompile pc=0x00000216ae1720a4 method=com.google.common.collect.ImmutableList.copyOf(Ljava/util/Collection;)Lcom/google/common/collect/ImmutableList; @ 16 c2
Event: 15.474 Thread 0x00000216850afe10 DEOPT PACKING pc=0x00000216ae1720a4 sp=0x00000040f05f8960
Event: 15.474 Thread 0x00000216850afe10 DEOPT UNPACKING pc=0x00000216ad9323a3 sp=0x00000040f05f8908 mode 2
Event: 15.516 Thread 0x00000216850afe10 DEOPT PACKING pc=0x00000216a6479f34 sp=0x00000040f05f6dc0
Event: 15.516 Thread 0x00000216850afe10 DEOPT UNPACKING pc=0x00000216ad932b43 sp=0x00000040f05f6230 mode 0
Event: 15.521 Thread 0x00000216850afe10 DEOPT PACKING pc=0x00000216a66102e1 sp=0x00000040f05f6a60
Event: 15.521 Thread 0x00000216850afe10 DEOPT UNPACKING pc=0x00000216ad932b43 sp=0x00000040f05f5fe0 mode 0
Event: 16.128 Thread 0x00000216850afe10 DEOPT PACKING pc=0x00000216a66102e1 sp=0x00000040f05f6a60
Event: 16.128 Thread 0x00000216850afe10 DEOPT UNPACKING pc=0x00000216ad932b43 sp=0x00000040f05f5fe0 mode 0

Classes unloaded (0 events):
No events

Classes redefined (0 events):
No events

Internal exceptions (20 events):
Event: 12.974 Thread 0x00000216850afe10 Exception <a 'java/lang/NoSuchMethodError'{0x0000000083a85418}: 'java.lang.Object java.lang.invoke.DirectMethodHandle$Holder.invokeSpecial(java.lang.Object, java.lang.Object, java.lang.Object, java.lang.Object, java.lang.Object, int)'> (0x0000000083a85418) 
thrown [s\open\src\hotspot\share\interpreter\linkResolver.cpp, line 759]
Event: 12.974 Thread 0x00000216850afe10 Exception <a 'java/lang/NoSuchMethodError'{0x0000000083a89e48}: 'java.lang.Object java.lang.invoke.Invokers$Holder.linkToTargetMethod(java.lang.Object, java.lang.Object, java.lang.Object, int, java.lang.Object)'> (0x0000000083a89e48) 
thrown [s\open\src\hotspot\share\interpreter\linkResolver.cpp, line 759]
Event: 13.078 Thread 0x00000216850afe10 Exception <a 'java/lang/NoSuchMethodError'{0x00000000837432f8}: static Lorg/gradle/api/internal/catalog/DefaultVersionCatalog;.<clinit>()V> (0x00000000837432f8) 
thrown [s\open\src\hotspot\share\prims\jni.cpp, line 1112]
Event: 13.086 Thread 0x00000216850afe10 Exception <a 'java/lang/NoSuchMethodError'{0x0000000083794090}: static [Ljava/lang/Object;.<clinit>()V> (0x0000000083794090) 
thrown [s\open\src\hotspot\share\prims\jni.cpp, line 1112]
Event: 13.088 Thread 0x00000216850afe10 Exception <a 'java/lang/NoSuchMethodError'{0x00000000837ca5c0}: static Lorg/gradle/api/internal/catalog/DependencyModel;.<clinit>()V> (0x00000000837ca5c0) 
thrown [s\open\src\hotspot\share\prims\jni.cpp, line 1112]
Event: 13.088 Thread 0x00000216850afe10 Exception <a 'java/lang/NoSuchMethodError'{0x00000000837cddf0}: static Lorg/gradle/api/internal/catalog/AbstractContextAwareModel;.<clinit>()V> (0x00000000837cddf0) 
thrown [s\open\src\hotspot\share\prims\jni.cpp, line 1112]
Event: 13.089 Thread 0x00000216850afe10 Exception <a 'java/lang/NoSuchMethodError'{0x00000000837e5840}: static Lorg/gradle/api/internal/artifacts/dependencies/AbstractVersionConstraint;.<clinit>()V> (0x00000000837e5840) 
thrown [s\open\src\hotspot\share\prims\jni.cpp, line 1112]
Event: 13.093 Thread 0x00000216850afe10 Exception <a 'java/lang/NoSuchMethodError'{0x0000000083641618}: static Lorg/gradle/api/internal/catalog/PluginModel;.<clinit>()V> (0x0000000083641618) 
thrown [s\open\src\hotspot\share\prims\jni.cpp, line 1112]
Event: 13.094 Thread 0x00000216850afe10 Exception <a 'java/lang/NoSuchMethodError'{0x0000000083656508}: static Lorg/gradle/api/internal/catalog/VersionModel;.<clinit>()V> (0x0000000083656508) 
thrown [s\open\src\hotspot\share\prims\jni.cpp, line 1112]
Event: 13.098 Thread 0x00000216850afe10 Exception <a 'java/lang/NoSuchMethodError'{0x000000008367d7a8}: 'void java.lang.invoke.DirectMethodHandle$Holder.invokeSpecial(java.lang.Object, java.lang.Object, java.lang.Object, int)'> (0x000000008367d7a8) 
thrown [s\open\src\hotspot\share\interpreter\linkResolver.cpp, line 759]
Event: 13.228 Thread 0x00000216850afe10 Exception <a 'java/lang/NoSuchMethodError'{0x0000000083289e80}: 'int java.lang.invoke.DirectMethodHandle$Holder.invokeSpecialIFC(java.lang.Object, java.lang.Object, java.lang.Object)'> (0x0000000083289e80) 
thrown [s\open\src\hotspot\share\interpreter\linkResolver.cpp, line 759]
Event: 13.310 Thread 0x00000216850afe10 Exception <a 'java/lang/NoSuchMethodError'{0x0000000084e46640}: 'java.lang.Object java.lang.invoke.DirectMethodHandle$Holder.newInvokeSpecial(java.lang.Object, java.lang.Object, java.lang.Object, java.lang.Object, java.lang.Object, int)'> (0x0000000084e46640) 
thrown [s\open\src\hotspot\share\interpreter\linkResolver.cpp, line 759]
Event: 13.311 Thread 0x00000216850afe10 Exception <a 'java/lang/NoSuchMethodError'{0x0000000084e4ba98}: 'java.lang.Object java.lang.invoke.DirectMethodHandle$Holder.invokeSpecial(java.lang.Object, java.lang.Object, java.lang.Object, java.lang.Object, java.lang.Object, java.lang.Object, int)'> (0x0000000084e4ba98) 
thrown [s\open\src\hotspot\share\interpreter\linkResolver.cpp, line 759]
Event: 13.316 Thread 0x00000216850afe10 Exception <a 'java/lang/NoSuchMethodError'{0x0000000084e85040}: 'java.lang.Object java.lang.invoke.DirectMethodHandle$Holder.invokeSpecial(java.lang.Object, java.lang.Object, java.lang.Object, java.lang.Object, java.lang.Object, long)'> (0x0000000084e85040) 
thrown [s\open\src\hotspot\share\interpreter\linkResolver.cpp, line 759]
Event: 13.318 Thread 0x00000216850afe10 Exception <a 'java/lang/NoSuchMethodError'{0x0000000084ea76a0}: 'void java.lang.invoke.DirectMethodHandle$Holder.invokeStatic(java.lang.Object, java.lang.Object, java.lang.Object, int, java.lang.Object)'> (0x0000000084ea76a0) 
thrown [s\open\src\hotspot\share\interpreter\linkResolver.cpp, line 759]
Event: 13.615 Thread 0x0000021684266550 Implicit null exception at 0x00000216adebd9f2 to 0x00000216adebdfc0
Event: 13.618 Thread 0x0000021684266550 Implicit null exception at 0x00000216adedcff2 to 0x00000216adedd5d0
Event: 15.053 Thread 0x00000216850afe10 Implicit null exception at 0x00000216ae12a812 to 0x00000216ae12aef8
Event: 15.053 Thread 0x00000216850afe10 Implicit null exception at 0x00000216ae12bb14 to 0x00000216ae12c188
Event: 15.479 Thread 0x00000216850afe10 Exception <a 'java/lang/NoSuchMethodError'{0x0000000085bfc998}: 'void java.lang.invoke.Invokers$Holder.invoke_MT(java.lang.Object, java.lang.Object, java.lang.Object, java.lang.Object)'> (0x0000000085bfc998) 
thrown [s\open\src\hotspot\share\interpreter\linkResolver.cpp, line 759]

VM Operations (20 events):
Event: 14.958 Executing VM operation: G1CollectForAllocation done
Event: 15.333 Executing VM operation: G1TryInitiateConcMark
Event: 15.337 Executing VM operation: G1TryInitiateConcMark done
Event: 15.360 Executing VM operation: G1Concurrent
Event: 15.362 Executing VM operation: G1Concurrent done
Event: 15.373 Executing VM operation: G1Concurrent
Event: 15.373 Executing VM operation: G1Concurrent done
Event: 15.386 Executing VM operation: G1TryInitiateConcMark
Event: 15.388 Executing VM operation: G1TryInitiateConcMark done
Event: 15.414 Executing VM operation: G1Concurrent
Event: 15.417 Executing VM operation: G1Concurrent done
Event: 15.427 Executing VM operation: G1Concurrent
Event: 15.427 Executing VM operation: G1Concurrent done
Event: 15.583 Executing VM operation: G1TryInitiateConcMark
Event: 15.585 Executing VM operation: G1TryInitiateConcMark done
Event: 15.609 Executing VM operation: G1Concurrent
Event: 16.094 Executing VM operation: G1Concurrent done
Event: 16.104 Executing VM operation: G1Concurrent
Event: 16.104 Executing VM operation: G1Concurrent done
Event: 17.167 Executing VM operation: G1TryInitiateConcMark

Events (20 events):
Event: 14.926 Thread 0x00000216bd79b040 flushing nmethod 0x00000216a6d42490
Event: 14.926 Thread 0x00000216bd79b040 flushing nmethod 0x00000216a6d45810
Event: 14.926 Thread 0x00000216bd79b040 flushing nmethod 0x00000216a6d46390
Event: 14.926 Thread 0x00000216bd79b040 flushing nmethod 0x00000216a6d49310
Event: 14.926 Thread 0x00000216bd79b040 flushing nmethod 0x00000216a6d4b790
Event: 14.926 Thread 0x00000216bd79b040 flushing nmethod 0x00000216a6d4bf90
Event: 14.926 Thread 0x00000216bd79b040 flushing nmethod 0x00000216a6d4c310
Event: 14.926 Thread 0x00000216bd79b040 flushing nmethod 0x00000216a6d4c890
Event: 14.926 Thread 0x00000216bd79b040 flushing nmethod 0x00000216a6d4d090
Event: 14.926 Thread 0x00000216bd79b040 flushing nmethod 0x00000216a6d52510
Event: 14.926 Thread 0x00000216bd79b040 flushing nmethod 0x00000216a6d52d90
Event: 14.926 Thread 0x00000216bd79b040 flushing nmethod 0x00000216a6d54810
Event: 14.926 Thread 0x00000216bd79b040 flushing nmethod 0x00000216a6d6fe90
Event: 14.926 Thread 0x00000216bd79b040 flushing nmethod 0x00000216a6d7bf90
Event: 14.926 Thread 0x00000216bd79b040 flushing nmethod 0x00000216a6d80c90
Event: 14.926 Thread 0x00000216bd79b040 flushing nmethod 0x00000216a6d8a290
Event: 14.927 Thread 0x00000216bd79b040 flushing nmethod 0x00000216a6dd0c10
Event: 14.927 Thread 0x00000216bd79b040 flushing nmethod 0x00000216a6e6a390
Event: 14.927 Thread 0x00000216bd79b040 flushing nmethod 0x00000216a6e6b790
Event: 14.927 Thread 0x00000216bd79b040 flushing nmethod 0x00000216a6ed5f90


Dynamic libraries:
0x00007ff68f9f0000 - 0x00007ff68fa00000 	C:\Program Files\Java\jdk-17\bin\java.exe
0x00007ff932920000 - 0x00007ff932b83000 	C:\WINDOWS\SYSTEM32\ntdll.dll
0x00007ff9319f0000 - 0x00007ff931ab7000 	C:\WINDOWS\System32\KERNEL32.DLL
0x00007ff92ff90000 - 0x00007ff930357000 	C:\WINDOWS\System32\KERNELBASE.dll
0x00007ff930570000 - 0x00007ff9306bc000 	C:\WINDOWS\System32\ucrtbase.dll
0x00007ff8e7db0000 - 0x00007ff8e7dc9000 	C:\Program Files\Java\jdk-17\bin\jli.dll
0x00007ff8e7d30000 - 0x00007ff8e7d4b000 	C:\Program Files\Java\jdk-17\bin\VCRUNTIME140.dll
0x00007ff932330000 - 0x00007ff9323e4000 	C:\WINDOWS\System32\ADVAPI32.dll
0x00007ff930870000 - 0x00007ff930919000 	C:\WINDOWS\System32\msvcrt.dll
0x00007ff9323f0000 - 0x00007ff932496000 	C:\WINDOWS\System32\sechost.dll
0x00007ff9320e0000 - 0x00007ff9321f6000 	C:\WINDOWS\System32\RPCRT4.dll
0x00007ff9314e0000 - 0x00007ff9316a9000 	C:\WINDOWS\System32\USER32.dll
0x00007ff930360000 - 0x00007ff930387000 	C:\WINDOWS\System32\win32u.dll
0x00007ff931ac0000 - 0x00007ff931aea000 	C:\WINDOWS\System32\GDI32.dll
0x00007ff930440000 - 0x00007ff93056b000 	C:\WINDOWS\System32\gdi32full.dll
0x00007ff930390000 - 0x00007ff930433000 	C:\WINDOWS\System32\msvcp_win.dll
0x00007ff91aab0000 - 0x00007ff91aabb000 	C:\WINDOWS\SYSTEM32\VERSION.dll
0x00007ff91d3f0000 - 0x00007ff91d680000 	C:\WINDOWS\WinSxS\amd64_microsoft.windows.common-controls_6595b64144ccf1df_6.0.26100.3037_none_3e09262ce333c378\COMCTL32.dll
0x00007ff930830000 - 0x00007ff93085f000 	C:\WINDOWS\System32\IMM32.DLL
0x00007ff902750000 - 0x00007ff90275c000 	C:\Program Files\Java\jdk-17\bin\vcruntime140_1.dll
0x00007ff8b4a40000 - 0x00007ff8b4ace000 	C:\Program Files\Java\jdk-17\bin\msvcp140.dll
0x00007ff8769f0000 - 0x00007ff8775d0000 	C:\Program Files\Java\jdk-17\bin\server\jvm.dll
0x00007ff932210000 - 0x00007ff932218000 	C:\WINDOWS\System32\PSAPI.DLL
0x00007ff92d4a0000 - 0x00007ff92d4d6000 	C:\WINDOWS\SYSTEM32\WINMM.dll
0x00007ff8f07e0000 - 0x00007ff8f07ea000 	C:\WINDOWS\SYSTEM32\WSOCK32.dll
0x00007ff9324d0000 - 0x00007ff932544000 	C:\WINDOWS\System32\WS2_32.dll
0x00007ff92eaf0000 - 0x00007ff92eb0a000 	C:\WINDOWS\SYSTEM32\kernel.appcore.dll
0x00007ff8ff700000 - 0x00007ff8ff70a000 	C:\Program Files\Java\jdk-17\bin\jimage.dll
0x00007ff92d210000 - 0x00007ff92d451000 	C:\WINDOWS\SYSTEM32\DBGHELP.DLL
0x00007ff932550000 - 0x00007ff9328ce000 	C:\WINDOWS\System32\combase.dll
0x00007ff932240000 - 0x00007ff932316000 	C:\WINDOWS\System32\OLEAUT32.dll
0x00007ff92d460000 - 0x00007ff92d499000 	C:\WINDOWS\SYSTEM32\dbgcore.DLL
0x00007ff9306c0000 - 0x00007ff930759000 	C:\WINDOWS\System32\bcryptPrimitives.dll
0x00007ff8fc750000 - 0x00007ff8fc75e000 	C:\Program Files\Java\jdk-17\bin\instrument.dll
0x00007ff8d7fb0000 - 0x00007ff8d7fd5000 	C:\Program Files\Java\jdk-17\bin\java.dll
0x00007ff8adad0000 - 0x00007ff8adba7000 	C:\Program Files\Java\jdk-17\bin\jsvml.dll
0x00007ff930c60000 - 0x00007ff931364000 	C:\WINDOWS\System32\SHELL32.dll
0x00007ff92d990000 - 0x00007ff92e1c7000 	C:\WINDOWS\SYSTEM32\windows.storage.dll
0x00007ff931850000 - 0x00007ff931939000 	C:\WINDOWS\System32\SHCORE.dll
0x00007ff931400000 - 0x00007ff93145d000 	C:\WINDOWS\System32\shlwapi.dll
0x00007ff92fbd0000 - 0x00007ff92fbfe000 	C:\WINDOWS\SYSTEM32\profapi.dll
0x00007ff8e10d0000 - 0x00007ff8e10e8000 	C:\Program Files\Java\jdk-17\bin\zip.dll
0x00007ff8e7040000 - 0x00007ff8e7059000 	C:\Program Files\Java\jdk-17\bin\net.dll
0x00007ff929fc0000 - 0x00007ff92a0de000 	C:\WINDOWS\SYSTEM32\WINHTTP.dll
0x00007ff92f000000 - 0x00007ff92f06a000 	C:\WINDOWS\system32\mswsock.dll
0x00007ff8e16d0000 - 0x00007ff8e16e6000 	C:\Program Files\Java\jdk-17\bin\nio.dll
0x00007ff8feb00000 - 0x00007ff8feb10000 	C:\Program Files\Java\jdk-17\bin\verify.dll
0x00007ff9140d0000 - 0x00007ff9140f7000 	C:\Users\chpre\.gradle\native\c067742578af261105cb4f569cf0c3c89f3d7b1fecec35dd04571415982c5e48\windows-amd64\native-platform.dll
0x00007ff8db430000 - 0x00007ff8db574000 	C:\Users\chpre\.gradle\native\38dada09dfb8b06ba9b0570ebf7e218e3eb74d4ef43ca46872605cf95ebc2f47\windows-amd64\native-platform-file-events.dll
0x00007ff8fe960000 - 0x00007ff8fe96a000 	C:\Program Files\Java\jdk-17\bin\management.dll
0x00007ff8fce10000 - 0x00007ff8fce1b000 	C:\Program Files\Java\jdk-17\bin\management_ext.dll
0x00007ff92f2a0000 - 0x00007ff92f2bc000 	C:\WINDOWS\SYSTEM32\CRYPTSP.dll
0x00007ff92ea50000 - 0x00007ff92ea88000 	C:\WINDOWS\system32\rsaenh.dll
0x00007ff92f0a0000 - 0x00007ff92f0cb000 	C:\WINDOWS\SYSTEM32\USERENV.dll
0x00007ff92f4e0000 - 0x00007ff92f506000 	C:\WINDOWS\SYSTEM32\bcrypt.dll
0x00007ff92f2c0000 - 0x00007ff92f2cc000 	C:\WINDOWS\SYSTEM32\CRYPTBASE.dll
0x00007ff92e560000 - 0x00007ff92e592000 	C:\WINDOWS\SYSTEM32\IPHLPAPI.DLL
0x00007ff930920000 - 0x00007ff93092a000 	C:\WINDOWS\System32\NSI.dll
0x00007ff92a8f0000 - 0x00007ff92a90f000 	C:\WINDOWS\SYSTEM32\dhcpcsvc6.DLL
0x00007ff92a360000 - 0x00007ff92a385000 	C:\WINDOWS\SYSTEM32\dhcpcsvc.DLL
0x00007ff92e600000 - 0x00007ff92e725000 	C:\WINDOWS\SYSTEM32\DNSAPI.dll
0x00007ff8fc720000 - 0x00007ff8fc72e000 	C:\Program Files\Java\jdk-17\bin\sunmscapi.dll
0x00007ff92fe10000 - 0x00007ff92ff86000 	C:\WINDOWS\System32\CRYPT32.dll
0x00007ff92f4a0000 - 0x00007ff92f4d0000 	C:\WINDOWS\SYSTEM32\ncrypt.dll
0x00007ff92f450000 - 0x00007ff92f48f000 	C:\WINDOWS\SYSTEM32\NTASN1.dll
0x00007ff929800000 - 0x00007ff929808000 	C:\WINDOWS\system32\wshunix.dll

dbghelp: loaded successfully - version: 4.0.5 - missing functions: none
symbol engine: initialized successfully - sym options: 0x614 - pdb path: .;C:\Program Files\Java\jdk-17\bin;C:\WINDOWS\SYSTEM32;C:\WINDOWS\WinSxS\amd64_microsoft.windows.common-controls_6595b64144ccf1df_6.0.26100.3037_none_3e09262ce333c378;C:\Program Files\Java\jdk-17\bin\server;C:\Users\chpre\.gradle\native\c067742578af261105cb4f569cf0c3c89f3d7b1fecec35dd04571415982c5e48\windows-amd64;C:\Users\chpre\.gradle\native\38dada09dfb8b06ba9b0570ebf7e218e3eb74d4ef43ca46872605cf95ebc2f47\windows-amd64

VM Arguments:
jvm_args: --add-opens=java.base/java.util=ALL-UNNAMED --add-opens=java.base/java.lang=ALL-UNNAMED --add-opens=java.base/java.lang.invoke=ALL-UNNAMED --add-opens=java.prefs/java.util.prefs=ALL-UNNAMED --add-opens=java.base/java.nio.charset=ALL-UNNAMED --add-opens=java.base/java.net=ALL-UNNAMED --add-opens=java.base/java.util.concurrent.atomic=ALL-UNNAMED -Xmx2048m -Dfile.encoding=UTF-8 -Duser.country=IN -Duser.language=en -Duser.variant -javaagent:C:\Users\chpre\.gradle\wrapper\dists\gradle-8.4-bin\1w5dpkrfk8irigvoxmyhowfim\gradle-8.4\lib\agents\gradle-instrumentation-agent-8.4.jar 
java_command: org.gradle.launcher.daemon.bootstrap.GradleDaemon 8.4
java_class_path (initial): C:\Users\chpre\.gradle\wrapper\dists\gradle-8.4-bin\1w5dpkrfk8irigvoxmyhowfim\gradle-8.4\lib\gradle-launcher-8.4.jar
Launcher Type: SUN_STANDARD

[Global flags]
     intx CICompilerCount                          = 4                                         {product} {ergonomic}
     uint ConcGCThreads                            = 3                                         {product} {ergonomic}
     uint G1ConcRefinementThreads                  = 10                                        {product} {ergonomic}
   size_t G1HeapRegionSize                         = 1048576                                   {product} {ergonomic}
    uintx GCDrainStackTargetSize                   = 64                                        {product} {ergonomic}
   size_t InitialHeapSize                          = 96468992                                  {product} {ergonomic}
   size_t MarkStackSize                            = 4194304                                   {product} {ergonomic}
   size_t MaxHeapSize                              = 2147483648                                {product} {command line}
   size_t MaxNewSize                               = 1287651328                                {product} {ergonomic}
   size_t MinHeapDeltaBytes                        = 1048576                                   {product} {ergonomic}
   size_t MinHeapSize                              = 8388608                                   {product} {ergonomic}
    uintx NonNMethodCodeHeapSize                   = 5839372                                {pd product} {ergonomic}
    uintx NonProfiledCodeHeapSize                  = 122909434                              {pd product} {ergonomic}
    uintx ProfiledCodeHeapSize                     = 122909434                              {pd product} {ergonomic}
    uintx ReservedCodeCacheSize                    = 251658240                              {pd product} {ergonomic}
     bool SegmentedCodeCache                       = true                                      {product} {ergonomic}
   size_t SoftMaxHeapSize                          = 2147483648                             {manageable} {ergonomic}
     bool UseCompressedClassPointers               = true                           {product lp64_product} {ergonomic}
     bool UseCompressedOops                        = true                           {product lp64_product} {ergonomic}
     bool UseG1GC                                  = true                                      {product} {ergonomic}
     bool UseLargePagesIndividualAllocation        = false                                  {pd product} {ergonomic}

Logging:
Log output configuration:
 #0: stdout all=warning uptime,level,tags
 #1: stderr all=off uptime,level,tags

Environment Variables:
JAVA_HOME=C:\Program Files\Java\jdk-17
CLASSPATH=D:\GDG\Expense-Tracker-main\Expense-Tracker-main\ExpenseTracker\\gradle\wrapper\gradle-wrapper.jar
PATH=C:\Program Files\Common Files\Oracle\Java\javapath;C:\WINDOWS\system32;C:\WINDOWS;C:\WINDOWS\System32\Wbem;C:\WINDOWS\System32\WindowsPowerShell\v1.0\;C:\WINDOWS\System32\OpenSSH\;C:\Program Files\nodejs\;C:\Program Files\MongoDB\Server\7.0\bin;C:\Program Files\MySQL\MySQL Server 8.0\bin;C:\Program Files\Git\cmd;C:\Program Files\MySQL\MySQL Shell 8.0\bin\;C:\Users\chpre\AppData\Local\Microsoft\WindowsApps;C:\Users\chpre\AppData\Local\Programs\Microsoft VS Code\bin;C:\Users\chpre\AppData\Roaming\npm;C:\Users\chpre\AppData\Local\Programs\Windsurf\bin
USERNAME=Ch.Preethi
OS=Windows_NT
PROCESSOR_IDENTIFIER=AMD64 Family 25 Model 68 Stepping 1, AuthenticAMD



---------------  S Y S T E M  ---------------

OS:
 Windows 11 , 64 bit Build 26100 (10.0.26100.3037)
OS uptime: 21 days 12:04 hours
Hyper-V role detected

CPU: total 12 (initial active 12) (12 cores per cpu, 2 threads per core) family 25 model 68 stepping 1 microcode 0xa404102, cx8, cmov, fxsr, ht, mmx, 3dnowpref, sse, sse2, sse3, ssse3, sse4a, sse4.1, sse4.2, popcnt, lzcnt, tsc, tscinvbit, avx, avx2, aes, erms, clmul, bmi1, bmi2, adx, sha, fma, vzeroupper, clflush, clflushopt, hv

Memory: 4k page, system-wide physical 5828M (112M free)
TotalPageFile size 24260M (AvailPageFile size 5M)
current process WorkingSet (physical memory assigned to process): 192M, peak: 198M
current process commit charge ("private bytes"): 289M, peak: 291M

vm_info: Java HotSpot(TM) 64-Bit Server VM (17.0.11+7-LTS-207) for windows-amd64 JRE (17.0.11+7-LTS-207), built on Mar 11 2024 19:01:50 by "mach5one" with MS VC++ 17.6 (VS2022)

END.
